<?xml version="1.0" encoding="UTF-8"?>
<robot generator="Robot 7.1.1 (Python 3.12.8 on win32)" generated="2025-01-12T11:44:19.079150" rpa="false" schemaversion="5">
<suite id="s1" name="3 Chrome Head Less" source="D:\________Z____________Desktop_now\PIM\go_soft\onsite_workshop\automate_bc\day1\robotframework_workshop\google\3_chrome_head_less.robot">
<test id="s1-t1" name="ทดสอบใส่คำค้นหา Robot Framework" line="5">
<kw name="เปิดเว็บเบราว์เซอร์เข้า Google">
<kw name="Open Browser" owner="SeleniumLibrary">
<msg time="2025-01-12T11:44:19.516992" level="INFO">Opening browser 'headlesschrome' to base url 'https://google.com'.</msg>
<arg>url=${URL}</arg>
<arg>browser=${BROWSER}</arg>
<doc>Opens a new browser instance to the optional ``url``.</doc>
<status status="PASS" start="2025-01-12T11:44:19.516992" elapsed="4.649427"/>
</kw>
<status status="PASS" start="2025-01-12T11:44:19.515998" elapsed="4.650421"/>
</kw>
<kw name="ใส่คำค้นหา">
<kw name="Input Text" owner="SeleniumLibrary">
<msg time="2025-01-12T11:44:24.169420" level="INFO">Typing text 'PIM' into text field 'name=q'.</msg>
<arg>name=${BYNAME}</arg>
<arg>${KEYWORD_SEARCH}</arg>
<doc>Types the given ``text`` into the text field identified by ``locator``.</doc>
<status status="PASS" start="2025-01-12T11:44:24.168418" elapsed="0.091001"/>
</kw>
<status status="PASS" start="2025-01-12T11:44:24.167419" elapsed="0.092000"/>
</kw>
<kw name="กดปุ่ม Enter">
<kw name="Press Keys" owner="SeleniumLibrary">
<msg time="2025-01-12T11:44:24.261420" level="INFO">Sending key(s) ('RETURN',) to name=q element.</msg>
<msg time="2025-01-12T11:44:24.562491" level="INFO">Pressing special key RETURN to element.</msg>
<msg time="2025-01-12T11:44:24.562491" level="INFO">Releasing special key RETURN.</msg>
<arg>name=${BYNAME}</arg>
<arg>RETURN</arg>
<doc>Simulates the user pressing key(s) to an element or on the active browser.</doc>
<status status="PASS" start="2025-01-12T11:44:24.261420" elapsed="2.485951"/>
</kw>
<status status="PASS" start="2025-01-12T11:44:24.260419" elapsed="2.486952"/>
</kw>
<kw name="ตรวจสอบผลการค้นหา expected_result">
<kw name="Wait Until Page Contains" owner="SeleniumLibrary">
<arg>${EXPECTED_RESULT}</arg>
<doc>Waits until ``text`` appears on the current page.</doc>
<status status="PASS" start="2025-01-12T11:44:26.748372" elapsed="0.048038"/>
</kw>
<status status="PASS" start="2025-01-12T11:44:26.748372" elapsed="0.048038"/>
</kw>
<kw name="ปิดเว็บเบราว์เซอร์">
<kw name="Close Browser" owner="SeleniumLibrary">
<doc>Closes the current browser.</doc>
<status status="PASS" start="2025-01-12T11:44:26.797411" elapsed="2.651919"/>
</kw>
<status status="PASS" start="2025-01-12T11:44:26.796410" elapsed="2.652920"/>
</kw>
<status status="PASS" start="2025-01-12T11:44:19.514992" elapsed="9.935065"/>
</test>
<status status="PASS" start="2025-01-12T11:44:19.081104" elapsed="10.369943"/>
</suite>
<statistics>
<total>
<stat pass="1" fail="0" skip="0">All Tests</stat>
</total>
<tag>
</tag>
<suite>
<stat pass="1" fail="0" skip="0" id="s1" name="3 Chrome Head Less">3 Chrome Head Less</stat>
</suite>
</statistics>
<errors>
</errors>
</robot>
